<?xml version="1.0" encoding="utf-8"?>
<TestRun id="1fcd570a-f806-407e-b82d-8f530794c4fc" name="@NguyenMac 2026-05-06 10:45:47" xmlns="http://microsoft.com/schemas/VisualStudio/TeamTest/2010">
  <Times creation="2026-05-06T10:45:47.0249960+07:00" queuing="2026-05-06T10:45:47.0249960+07:00" start="2026-05-06T10:45:46.4313110+07:00" finish="2026-05-06T10:45:47.0253600+07:00" />
  <TestSettings name="default" id="61c7fdcb-ddd7-44e1-a9de-941dc6fa7e2b">
    <Deployment runDeploymentRoot="_NguyenMac_2026-05-06_10_45_47" />
  </TestSettings>
  <TestLists>
    <TestList name="Results Not in a List" id="8c84fa94-04c1-424b-9868-57a2d4851a1d" />
    <TestList name="All Loaded Results" id="19431567-8539-422a-85d7-44ee4e166bda" />
  </TestLists>
  <ResultSummary outcome="Completed">
    <Counters total="0" executed="0" passed="0" failed="0" error="0" timeout="0" aborted="0" inconclusive="0" passedButRunAborted="0" notRunnable="0" notExecuted="0" disconnected="0" warning="0" completed="0" inProgress="0" pending="0" />
    <Output>
      <StdOut>NUnit Adapter 4.5.0.0: Test execution started
Running selected tests in /Users/nguyenquanganh/Peo_Test/bin/Debug/net8.0/TestX.dll
   NUnit3TestExecutor discovered 0 of 0 NUnit test cases using Current Discovery mode, Explicit run
NUnit Adapter 4.5.0.0: Test execution complete
</StdOut>
    </Output>
    <RunInfos>
      <RunInfo computerName="NguyenMac" outcome="Warning" timestamp="2026-05-06T10:45:46.9633310+07:00">
        <Text>No test matches the given testcase filter `TeamTrayTest` in /Users/nguyenquanganh/Peo_Test/bin/Debug/net8.0/TestX.dll</Text>
      </RunInfo>
    </RunInfos>
  </ResultSummary>
</TestRun>